Sep-12 15:09:35.947 [main] DEBUG nextflow.cli.Launcher - $> nextflow run main.nf --gene_name ENSG00000107643 --base_dir ../
Sep-12 15:09:36.132 [main] INFO  nextflow.cli.CmdRun - N E X T F L O W  ~  version 22.10.0
Sep-12 15:09:36.189 [main] DEBUG nextflow.plugin.PluginsFacade - Setting up plugin manager > mode=prod; embedded=false; plugins-dir=/shared/home/carrell/.nextflow/plugins; core-plugins: nf-amazon@1.11.0,nf-azure@0.14.2,nf-codecommit@0.1.2,nf-console@1.0.4,nf-ga4gh@1.0.4,nf-google@1.4.4,nf-tower@1.5.5,nf-wave@0.5.2
Sep-12 15:09:36.218 [main] INFO  org.pf4j.DefaultPluginStatusProvider - Enabled plugins: []
Sep-12 15:09:36.220 [main] INFO  org.pf4j.DefaultPluginStatusProvider - Disabled plugins: []
Sep-12 15:09:36.227 [main] INFO  org.pf4j.DefaultPluginManager - PF4J version 3.4.1 in 'deployment' mode
Sep-12 15:09:36.269 [main] INFO  org.pf4j.AbstractPluginManager - No plugins
Sep-12 15:09:36.458 [main] DEBUG nextflow.cli.CmdRun - Applied DSL=1 by probing script field
Sep-12 15:09:36.500 [main] INFO  nextflow.cli.CmdRun - Launching `main.nf` [wise_meucci] DSL1 - revision: b731b41604
Sep-12 15:09:36.504 [main] DEBUG nextflow.plugin.PluginsFacade - Plugins default=[]
Sep-12 15:09:36.505 [main] DEBUG nextflow.plugin.PluginsFacade - Plugins resolved requirement=[]
Sep-12 15:09:36.546 [main] DEBUG nextflow.secret.LocalSecretsProvider - Secrets store: /shared/home/carrell/.nextflow/secrets/store.json
Sep-12 15:09:36.560 [main] DEBUG nextflow.secret.SecretsLoader - Discovered secrets providers: [nextflow.secret.LocalSecretsProvider@1b29d52b] - activable => nextflow.secret.LocalSecretsProvider@1b29d52b
Sep-12 15:09:36.701 [main] DEBUG nextflow.Session - Session UUID: 07323412-b4d3-4573-830b-f9affa91798b
Sep-12 15:09:36.703 [main] DEBUG nextflow.Session - Run name: wise_meucci
Sep-12 15:09:36.704 [main] DEBUG nextflow.Session - Executor pool size: 4
Sep-12 15:09:36.733 [main] DEBUG nextflow.util.ThreadPoolBuilder - Creating thread pool 'FileTransfer' minSize=10; maxSize=12; workQueue=LinkedBlockingQueue[10000]; allowCoreThreadTimeout=false
Sep-12 15:09:37.075 [main] DEBUG nextflow.cli.CmdRun - 
  Version: 22.10.0 build 5826
  Created: 13-10-2022 05:44 UTC (07:44 CEST)
  System: Linux 4.19.0-27-amd64
  Runtime: Groovy 3.0.13 on OpenJDK 64-Bit Server VM 11.0.8+10
  Encoding: UTF-8 (UTF-8)
  Process: 15016@compute-15 [192.168.0.44]
  CPUs: 4 - Mem: 125.9 GB (124.6 GB) - Swap: 0 (0)
Sep-12 15:09:37.220 [main] DEBUG nextflow.Session - Work-dir: /shared/home/carrell/PROMISE-800-years-evolution/work [fhgfs]
Sep-12 15:09:37.222 [main] DEBUG nextflow.Session - Script base path does not exist or is not a directory: /shared/home/carrell/PROMISE-800-years-evolution/bin
Sep-12 15:09:37.254 [main] DEBUG nextflow.executor.ExecutorFactory - Extension executors providers=[]
Sep-12 15:09:37.279 [main] DEBUG nextflow.Session - Observer factory: DefaultObserverFactory
Sep-12 15:09:37.382 [main] DEBUG nextflow.cache.CacheFactory - Using Nextflow cache factory: nextflow.cache.DefaultCacheFactory
Sep-12 15:09:37.428 [main] DEBUG nextflow.util.CustomThreadPool - Creating default thread pool > poolSize: 5; maxThreads: 1000
Sep-12 15:09:37.646 [main] DEBUG nextflow.Session - Session start
Sep-12 15:09:39.074 [main] DEBUG nextflow.script.ScriptRunner - > Launching execution
Sep-12 15:09:39.183 [main] WARN  nextflow.script.ScriptBinding - Access to undefined parameter `data_dir` -- Initialise it to a default value eg. `params.data_dir = some_value`
Sep-12 15:09:39.236 [main] DEBUG nextflow.Nextflow - No such file: null/ -- Skipping visit
Sep-12 15:09:39.272 [main] DEBUG nextflow.executor.ExecutorFactory - << taskConfig executor: null
Sep-12 15:09:39.273 [main] DEBUG nextflow.executor.ExecutorFactory - >> processorType: 'local'
Sep-12 15:09:39.285 [main] DEBUG nextflow.executor.Executor - [warm up] executor > local
Sep-12 15:09:39.295 [main] DEBUG n.processor.LocalPollingMonitor - Creating local task monitor for executor 'local' > cpus=4; memory=125.9 GB; capacity=4; pollInterval=100ms; dumpInterval=5m
Sep-12 15:09:39.553 [main] DEBUG nextflow.Session - Workflow process names [dsl1]: GenerateFasta
Sep-12 15:09:39.555 [main] DEBUG nextflow.script.ScriptRunner - > Awaiting termination 
Sep-12 15:09:39.556 [main] DEBUG nextflow.Session - Session await
Sep-12 15:09:39.584 [main] DEBUG nextflow.Session - Session await > all processes finished
Sep-12 15:09:39.618 [main] DEBUG nextflow.Session - Session await > all barriers passed
Sep-12 15:09:39.659 [main] DEBUG nextflow.trace.WorkflowStatsObserver - Workflow completed > WorkflowStats[succeededCount=0; failedCount=0; ignoredCount=0; cachedCount=0; pendingCount=0; submittedCount=0; runningCount=0; retriesCount=0; abortedCount=0; succeedDuration=0ms; failedDuration=0ms; cachedDuration=0ms;loadCpus=0; loadMemory=0; peakRunning=0; peakCpus=0; peakMemory=0; ]
Sep-12 15:09:39.768 [main] DEBUG nextflow.cache.CacheDB - Closing CacheDB done
Sep-12 15:09:39.825 [main] DEBUG nextflow.util.ThreadPoolManager - Thread pool 'FileTransfer' shutdown completed (hard=false)
Sep-12 15:09:39.826 [main] DEBUG nextflow.script.ScriptRunner - > Execution complete -- Goodbye
